2026-05-17 15:32:38 │ abrakadabra.main             │ INFO    │ =======================================================
2026-05-17 15:32:38 │ abrakadabra.main             │ INFO    │ Abrakadabra startet...
2026-05-17 15:32:38 │ abrakadabra.main             │ INFO    │ Subreddits: r/wallstreetbets+CryptoCurrency+stocks+pennystocks+SatoshiStreetBets
2026-05-17 15:32:38 │ abrakadabra.main             │ INFO    │ Aggregations-Fenster: 15 Minuten
2026-05-17 15:32:38 │ abrakadabra.main             │ INFO    │ Min. Erwaehnungen fuer Alert: 5
2026-05-17 15:32:38 │ abrakadabra.main             │ INFO    │ Min. Sentiment-Score: 0.2
2026-05-17 15:32:38 │ abrakadabra.main             │ INFO    │ Alert-Check-Intervall: 60s
2026-05-17 15:32:38 │ abrakadabra.main             │ INFO    │ Spam-Filter: Account-Alter >= 30d, Karma >= 50
2026-05-17 15:32:38 │ abrakadabra.main             │ INFO    │ =======================================================
2026-05-17 15:32:38 │ abrakadabra.aggregator       │ INFO    │ Aggregator initialisiert: Fenster=15min, Min-Erwaehnungen=5, Min-Sentiment=0.2
2026-05-17 15:32:38 │ abrakadabra.main             │ WARNING │ STARTE IM [RSS-MODUS] (Keine API-Keys, Fallback auf öffentliche Feeds)
2026-05-17 15:32:38 │ abrakadabra.main             │ INFO    │ Starte RSS-Stream fuer: wallstreetbets+CryptoCurrency+stocks+pennystocks+SatoshiStreetBets
2026-05-17 15:32:38 │ abrakadabra.main             │ INFO    │ Thread 'RssWorker' gestartet.
2026-05-17 15:32:38 │ abrakadabra.rss_ingestion    │ INFO    │ Starte RSS-Fallback-Modus fuer Subreddits: wallstreetbets, CryptoCurrency, stocks, pennystocks, SatoshiStreetBets
2026-05-17 15:32:38 │ abrakadabra.main             │ INFO    │ Alert-Worker gestartet. Check-Intervall: 60s
2026-05-17 15:32:38 │ abrakadabra.main             │ INFO    │ Thread 'AlertWorker' gestartet.
2026-05-17 15:32:38 │ abrakadabra.rss_ingestion    │ INFO    │ Abfrage-Intervall: 60 Sekunden
2026-05-17 15:32:38 │ abrakadabra.main             │ INFO    │ Alle Worker laufen. Druecke Ctrl+C zum Beenden.
2026-05-17 15:32:38 │ abrakadabra.aggregator       │ INFO    │ Dashboard-JSON exportiert: 0 Ticker, 0 Erwaehnungen → hype_data.json
2026-05-17 15:32:38 │ abrakadabra.main             │ INFO    │ -------------------------------------------------------
2026-05-17 15:33:26 | abrakadabra.main             | INFO    | =======================================================
2026-05-17 15:33:26 | abrakadabra.main             | INFO    | Abrakadabra startet...
2026-05-17 15:33:26 | abrakadabra.main             | INFO    | Subreddits: r/wallstreetbets+CryptoCurrency+stocks+pennystocks+SatoshiStreetBets
2026-05-17 15:33:26 | abrakadabra.main             | INFO    | Aggregations-Fenster: 15 Minuten
2026-05-17 15:33:26 | abrakadabra.main             | INFO    | Min. Erwaehnungen fuer Alert: 5
2026-05-17 15:33:26 | abrakadabra.main             | INFO    | Min. Sentiment-Score: 0.2
2026-05-17 15:33:26 | abrakadabra.main             | INFO    | Alert-Check-Intervall: 60s
2026-05-17 15:33:26 | abrakadabra.main             | INFO    | Spam-Filter: Account-Alter >= 30d, Karma >= 50
2026-05-17 15:33:26 | abrakadabra.main             | INFO    | =======================================================
2026-05-17 15:33:26 | abrakadabra.aggregator       | INFO    | Aggregator initialisiert: Fenster=15min, Min-Erwaehnungen=5, Min-Sentiment=0.2
2026-05-17 15:33:26 | abrakadabra.main             | WARNING | STARTE IM [RSS-MODUS] (Keine API-Keys, Fallback auf öffentliche Feeds)
2026-05-17 15:33:26 | abrakadabra.main             | INFO    | Starte RSS-Stream fuer: wallstreetbets+CryptoCurrency+stocks+pennystocks+SatoshiStreetBets
2026-05-17 15:33:26 | abrakadabra.main             | INFO    | Thread 'RssWorker' gestartet.
2026-05-17 15:33:26 | abrakadabra.rss_ingestion    | INFO    | Starte RSS-Fallback-Modus fuer Subreddits: wallstreetbets, CryptoCurrency, stocks, pennystocks, SatoshiStreetBets
2026-05-17 15:33:26 | abrakadabra.rss_ingestion    | INFO    | Abfrage-Intervall: 60 Sekunden
2026-05-17 15:33:26 | abrakadabra.main             | INFO    | Alert-Worker gestartet. Check-Intervall: 60s
2026-05-17 15:33:26 | abrakadabra.main             | INFO    | Thread 'AlertWorker' gestartet.
2026-05-17 15:33:26 | abrakadabra.main             | INFO    | Alle Worker laufen. Druecke Ctrl+C zum Beenden.
2026-05-17 15:33:26 | abrakadabra.main             | INFO    | -------------------------------------------------------
2026-05-17 15:33:26 | abrakadabra.aggregator       | INFO    | Dashboard-JSON exportiert: 0 Ticker, 0 Erwaehnungen -> hype_data.json
2026-05-17 15:33:38 │ abrakadabra.main             │ INFO    │ Top-Ticker: NVDA: 4x (S:0.12) | AMD: 4x (S:0.03) | GOOGL: 4x (S:0.50) | ETH: 3x (S:0.50) | BTC: 3x (S:0.46)
2026-05-17 15:33:38 │ abrakadabra.aggregator       │ INFO    │ Dashboard-JSON exportiert: 51 Ticker, 72 Erwaehnungen → hype_data.json
2026-05-17 15:34:38 │ abrakadabra.main             │ INFO    │ Top-Ticker: NVDA: 4x (S:0.12) | AMD: 4x (S:0.03) | GOOGL: 4x (S:0.50) | ETH: 3x (S:0.50) | BTC: 3x (S:0.46)
2026-05-17 15:34:38 │ abrakadabra.aggregator       │ INFO    │ Dashboard-JSON exportiert: 51 Ticker, 72 Erwaehnungen → hype_data.json
2026-05-17 15:35:38 │ abrakadabra.main             │ INFO    │ Top-Ticker: NVDA: 4x (S:0.12) | AMD: 4x (S:0.03) | GOOGL: 4x (S:0.50) | ETH: 3x (S:0.50) | BTC: 3x (S:0.46)
2026-05-17 15:35:38 │ abrakadabra.aggregator       │ INFO    │ Dashboard-JSON exportiert: 51 Ticker, 72 Erwaehnungen → hype_data.json
2026-05-17 15:36:38 │ abrakadabra.main             │ INFO    │ Top-Ticker: NVDA: 4x (S:0.12) | AMD: 4x (S:0.03) | GOOGL: 4x (S:0.50) | ETH: 3x (S:0.50) | BTC: 3x (S:0.46)
2026-05-17 15:36:38 │ abrakadabra.aggregator       │ INFO    │ Dashboard-JSON exportiert: 51 Ticker, 72 Erwaehnungen → hype_data.json
2026-05-17 15:37:38 │ abrakadabra.main             │ INFO    │ Top-Ticker: NVDA: 4x (S:0.12) | AMD: 4x (S:0.03) | GOOGL: 4x (S:0.50) | ETH: 3x (S:0.50) | BTC: 3x (S:0.46)
2026-05-17 15:37:38 │ abrakadabra.aggregator       │ INFO    │ Dashboard-JSON exportiert: 51 Ticker, 72 Erwaehnungen → hype_data.json
2026-05-17 15:38:38 │ abrakadabra.main             │ INFO    │ Top-Ticker: NVDA: 4x (S:0.12) | AMD: 4x (S:0.03) | GOOGL: 4x (S:0.50) | ETH: 3x (S:0.50) | BTC: 3x (S:0.46)
2026-05-17 15:38:38 │ abrakadabra.aggregator       │ INFO    │ Dashboard-JSON exportiert: 51 Ticker, 72 Erwaehnungen → hype_data.json
2026-05-17 15:39:38 │ abrakadabra.main             │ INFO    │ Top-Ticker: NVDA: 4x (S:0.12) | AMD: 4x (S:0.03) | GOOGL: 4x (S:0.50) | ETH: 3x (S:0.50) | BTC: 3x (S:0.46)
2026-05-17 15:39:38 │ abrakadabra.aggregator       │ INFO    │ Dashboard-JSON exportiert: 51 Ticker, 72 Erwaehnungen → hype_data.json
2026-05-17 15:40:38 │ abrakadabra.main             │ INFO    │ Top-Ticker: NVDA: 4x (S:0.12) | AMD: 4x (S:0.03) | GOOGL: 4x (S:0.50) | ETH: 3x (S:0.50) | BTC: 3x (S:0.46)
2026-05-17 15:40:38 │ abrakadabra.aggregator       │ INFO    │ Dashboard-JSON exportiert: 51 Ticker, 72 Erwaehnungen → hype_data.json
2026-05-17 15:41:38 │ abrakadabra.main             │ INFO    │ Top-Ticker: NVDA: 4x (S:0.12) | AMD: 4x (S:0.03) | GOOGL: 4x (S:0.50) | ETH: 3x (S:0.50) | BTC: 3x (S:0.46)
2026-05-17 15:41:38 │ abrakadabra.aggregator       │ INFO    │ Dashboard-JSON exportiert: 51 Ticker, 72 Erwaehnungen → hype_data.json
2026-05-17 15:42:38 │ abrakadabra.main             │ INFO    │ Top-Ticker: NVDA: 4x (S:0.12) | AMD: 4x (S:0.03) | GOOGL: 4x (S:0.50) | ETH: 3x (S:0.50) | BTC: 3x (S:0.46)
2026-05-17 15:42:38 │ abrakadabra.aggregator       │ INFO    │ Dashboard-JSON exportiert: 51 Ticker, 72 Erwaehnungen → hype_data.json
2026-05-17 15:43:38 │ abrakadabra.main             │ INFO    │ Top-Ticker: NVDA: 4x (S:0.12) | AMD: 4x (S:0.03) | GOOGL: 4x (S:0.50) | ETH: 3x (S:0.50) | BTC: 3x (S:0.46)
2026-05-17 15:43:38 │ abrakadabra.aggregator       │ INFO    │ Dashboard-JSON exportiert: 51 Ticker, 72 Erwaehnungen → hype_data.json
2026-05-17 15:44:38 │ abrakadabra.main             │ INFO    │ Top-Ticker: AMD: 5x (S:-0.13) | NVDA: 4x (S:0.12) | GOOGL: 4x (S:0.50) | ETH: 3x (S:0.50) | BTC: 3x (S:0.46)
2026-05-17 15:44:38 │ abrakadabra.aggregator       │ INFO    │ Dashboard-JSON exportiert: 51 Ticker, 73 Erwaehnungen → hype_data.json
2026-05-17 15:45:38 │ abrakadabra.main             │ INFO    │ Top-Ticker: AMD: 5x (S:-0.13) | NVDA: 4x (S:0.12) | GOOGL: 4x (S:0.50) | ETH: 3x (S:0.50) | BTC: 3x (S:0.46)
2026-05-17 15:45:38 │ abrakadabra.aggregator       │ INFO    │ Dashboard-JSON exportiert: 51 Ticker, 73 Erwaehnungen → hype_data.json
2026-05-17 15:46:38 │ abrakadabra.main             │ INFO    │ Top-Ticker: AMD: 5x (S:-0.13) | NVDA: 4x (S:0.12) | GOOGL: 4x (S:0.50) | ETH: 3x (S:0.50) | BTC: 3x (S:0.46)
2026-05-17 15:46:38 │ abrakadabra.aggregator       │ INFO    │ Dashboard-JSON exportiert: 51 Ticker, 73 Erwaehnungen → hype_data.json
2026-05-17 15:47:38 │ abrakadabra.main             │ INFO    │ Top-Ticker: AMD: 5x (S:-0.13) | NVDA: 4x (S:0.12) | GOOGL: 4x (S:0.50) | ETH: 3x (S:0.50) | BTC: 3x (S:0.46)
2026-05-17 15:47:38 │ abrakadabra.aggregator       │ INFO    │ Dashboard-JSON exportiert: 51 Ticker, 73 Erwaehnungen → hype_data.json
2026-05-17 15:48:38 │ abrakadabra.main             │ INFO    │ Top-Ticker: AMD: 1x (S:-0.78)
2026-05-17 15:48:38 │ abrakadabra.aggregator       │ INFO    │ Dashboard-JSON exportiert: 1 Ticker, 1 Erwaehnungen → hype_data.json
2026-05-17 15:49:38 │ abrakadabra.main             │ INFO    │ Top-Ticker: AMD: 1x (S:-0.78)
2026-05-17 15:49:38 │ abrakadabra.aggregator       │ INFO    │ Dashboard-JSON exportiert: 1 Ticker, 1 Erwaehnungen → hype_data.json
2026-05-17 15:50:38 │ abrakadabra.main             │ INFO    │ Top-Ticker: AMD: 1x (S:-0.78)
2026-05-17 15:50:38 │ abrakadabra.aggregator       │ INFO    │ Dashboard-JSON exportiert: 1 Ticker, 1 Erwaehnungen → hype_data.json
2026-05-17 15:51:38 │ abrakadabra.main             │ INFO    │ Top-Ticker: AMD: 1x (S:-0.78)
2026-05-17 15:51:38 │ abrakadabra.aggregator       │ INFO    │ Dashboard-JSON exportiert: 1 Ticker, 1 Erwaehnungen → hype_data.json
2026-05-17 15:52:38 │ abrakadabra.main             │ INFO    │ Top-Ticker: AMD: 1x (S:-0.78)
2026-05-17 15:52:38 │ abrakadabra.aggregator       │ INFO    │ Dashboard-JSON exportiert: 1 Ticker, 1 Erwaehnungen → hype_data.json
2026-05-17 15:53:38 │ abrakadabra.main             │ INFO    │ Top-Ticker: AMD: 1x (S:-0.78) | ICP: 1x (S:0.32)
2026-05-17 15:53:38 │ abrakadabra.aggregator       │ INFO    │ Dashboard-JSON exportiert: 2 Ticker, 2 Erwaehnungen → hype_data.json
2026-05-17 15:54:38 │ abrakadabra.main             │ INFO    │ Top-Ticker: AMD: 1x (S:-0.78) | ICP: 1x (S:0.32)
2026-05-17 15:54:38 │ abrakadabra.aggregator       │ INFO    │ Dashboard-JSON exportiert: 2 Ticker, 2 Erwaehnungen → hype_data.json
2026-05-17 15:55:38 │ abrakadabra.main             │ INFO    │ Top-Ticker: AMD: 1x (S:-0.78) | ICP: 1x (S:0.32)
2026-05-17 15:55:38 │ abrakadabra.aggregator       │ INFO    │ Dashboard-JSON exportiert: 2 Ticker, 2 Erwaehnungen → hype_data.json
2026-05-17 15:56:39 │ abrakadabra.main             │ INFO    │ Top-Ticker: AMD: 1x (S:-0.78) | ICP: 1x (S:0.32)
2026-05-17 15:56:39 │ abrakadabra.aggregator       │ INFO    │ Dashboard-JSON exportiert: 2 Ticker, 2 Erwaehnungen → hype_data.json
2026-05-17 15:57:39 │ abrakadabra.main             │ INFO    │ Top-Ticker: AMD: 1x (S:-0.78) | ICP: 1x (S:0.32)
2026-05-17 15:57:39 │ abrakadabra.aggregator       │ INFO    │ Dashboard-JSON exportiert: 2 Ticker, 2 Erwaehnungen → hype_data.json
2026-05-17 15:58:39 │ abrakadabra.main             │ INFO    │ Top-Ticker: AMD: 1x (S:-0.78) | ICP: 1x (S:0.32)
2026-05-17 15:58:39 │ abrakadabra.aggregator       │ INFO    │ Dashboard-JSON exportiert: 2 Ticker, 2 Erwaehnungen → hype_data.json
2026-05-17 15:59:39 │ abrakadabra.main             │ INFO    │ Top-Ticker: ICP: 1x (S:0.32)
2026-05-17 15:59:39 │ abrakadabra.aggregator       │ INFO    │ Dashboard-JSON exportiert: 1 Ticker, 1 Erwaehnungen → hype_data.json
2026-05-17 16:00:39 │ abrakadabra.main             │ INFO    │ Top-Ticker: ICP: 1x (S:0.32)
2026-05-17 16:00:39 │ abrakadabra.aggregator       │ INFO    │ Dashboard-JSON exportiert: 1 Ticker, 1 Erwaehnungen → hype_data.json
2026-05-17 16:01:39 │ abrakadabra.main             │ INFO    │ Top-Ticker: ICP: 1x (S:0.32)
2026-05-17 16:01:39 │ abrakadabra.aggregator       │ INFO    │ Dashboard-JSON exportiert: 1 Ticker, 1 Erwaehnungen → hype_data.json
2026-05-17 16:02:39 │ abrakadabra.main             │ INFO    │ Top-Ticker: ICP: 1x (S:0.32)
2026-05-17 16:02:39 │ abrakadabra.aggregator       │ INFO    │ Dashboard-JSON exportiert: 1 Ticker, 1 Erwaehnungen → hype_data.json
2026-05-17 16:03:39 │ abrakadabra.main             │ INFO    │ Top-Ticker: ICP: 1x (S:0.32)
2026-05-17 16:03:39 │ abrakadabra.aggregator       │ INFO    │ Dashboard-JSON exportiert: 1 Ticker, 1 Erwaehnungen → hype_data.json
2026-05-17 16:04:39 │ abrakadabra.main             │ INFO    │ Top-Ticker: ICP: 1x (S:0.32)
2026-05-17 16:04:39 │ abrakadabra.aggregator       │ INFO    │ Dashboard-JSON exportiert: 1 Ticker, 1 Erwaehnungen → hype_data.json
2026-05-17 16:05:39 │ abrakadabra.main             │ INFO    │ Top-Ticker: ICP: 1x (S:0.32)
2026-05-17 16:05:39 │ abrakadabra.aggregator       │ INFO    │ Dashboard-JSON exportiert: 1 Ticker, 1 Erwaehnungen → hype_data.json
2026-05-17 16:06:39 │ abrakadabra.main             │ INFO    │ Top-Ticker: ICP: 1x (S:0.32)
2026-05-17 16:06:39 │ abrakadabra.aggregator       │ INFO    │ Dashboard-JSON exportiert: 1 Ticker, 1 Erwaehnungen → hype_data.json
2026-05-17 18:06:39 │ abrakadabra.aggregator       │ INFO    │ Dashboard-JSON exportiert: 0 Ticker, 0 Erwaehnungen → hype_data.json
2026-05-17 18:07:02 | abrakadabra.main             | INFO    | =======================================================
2026-05-17 18:07:02 | abrakadabra.main             | INFO    | Abrakadabra startet...
2026-05-17 18:07:02 | abrakadabra.main             | INFO    | Subreddits: r/wallstreetbets+CryptoCurrency+stocks+pennystocks+SatoshiStreetBets
2026-05-17 18:07:02 | abrakadabra.main             | INFO    | Aggregations-Fenster: 15 Minuten
2026-05-17 18:07:02 | abrakadabra.main             | INFO    | Min. Erwaehnungen fuer Alert: 5
2026-05-17 18:07:02 | abrakadabra.main             | INFO    | Min. Sentiment-Score: 0.2
2026-05-17 18:07:02 | abrakadabra.main             | INFO    | Alert-Check-Intervall: 60s
2026-05-17 18:07:02 | abrakadabra.main             | INFO    | Spam-Filter: Account-Alter >= 30d, Karma >= 50
2026-05-17 18:07:02 | abrakadabra.main             | INFO    | =======================================================
2026-05-17 18:07:02 | abrakadabra.aggregator       | INFO    | Aggregator initialisiert: Fenster=15min, Min-Erwaehnungen=5, Min-Sentiment=0.2
2026-05-17 18:07:02 | abrakadabra.main             | WARNING | STARTE IM [RSS-MODUS] (Keine API-Keys, Fallback auf öffentliche Feeds)
2026-05-17 18:07:02 | abrakadabra.main             | INFO    | Starte RSS-Stream fuer: wallstreetbets+CryptoCurrency+stocks+pennystocks+SatoshiStreetBets
2026-05-17 18:07:02 | abrakadabra.main             | INFO    | Thread 'RssWorker' gestartet.
2026-05-17 18:07:02 | abrakadabra.rss_ingestion    | INFO    | Starte RSS-Fallback-Modus fuer Subreddits: wallstreetbets, CryptoCurrency, stocks, pennystocks, SatoshiStreetBets
2026-05-17 18:07:02 | abrakadabra.rss_ingestion    | INFO    | Abfrage-Intervall: 60 Sekunden
2026-05-17 18:07:02 | abrakadabra.main             | INFO    | Alert-Worker gestartet. Check-Intervall: 60s
2026-05-17 18:07:02 | abrakadabra.main             | INFO    | Thread 'AlertWorker' gestartet.
2026-05-17 18:07:02 | abrakadabra.main             | INFO    | Alle Worker laufen. Druecke Ctrl+C zum Beenden.
2026-05-17 18:07:02 | abrakadabra.main             | INFO    | -------------------------------------------------------
2026-05-17 18:07:02 | abrakadabra.aggregator       | INFO    | Dashboard-JSON exportiert: 0 Ticker, 0 Erwaehnungen -> hype_data.json
2026-05-17 18:07:39 │ abrakadabra.main             │ INFO    │ Top-Ticker: USO: 1x (S:-0.81) | AMZN: 1x (S:-0.81) | LULU: 1x (S:-0.81) | LLY: 1x (S:-0.81)
2026-05-17 18:07:39 │ abrakadabra.aggregator       │ INFO    │ Dashboard-JSON exportiert: 4 Ticker, 4 Erwaehnungen → hype_data.json
2026-05-17 18:08:02 | abrakadabra.main             | INFO    | Top-Ticker: GOOGL: 4x (S:0.50) | AMD: 3x (S:0.28) | NVDA: 3x (S:0.35) | USO: 2x (S:-0.08) | AMZN: 2x (S:0.08)
2026-05-17 18:08:02 | abrakadabra.aggregator       | INFO    | Dashboard-JSON exportiert: 52 Ticker, 69 Erwaehnungen -> hype_data.json
2026-05-17 18:08:39 │ abrakadabra.main             │ INFO    │ Top-Ticker: USO: 1x (S:-0.81) | AMZN: 1x (S:-0.81) | LULU: 1x (S:-0.81) | LLY: 1x (S:-0.81)
2026-05-17 18:08:39 │ abrakadabra.aggregator       │ INFO    │ Dashboard-JSON exportiert: 4 Ticker, 4 Erwaehnungen → hype_data.json
2026-05-17 18:09:02 | abrakadabra.main             | INFO    | Top-Ticker: GOOGL: 4x (S:0.50) | AMD: 3x (S:0.28) | NVDA: 3x (S:0.35) | USO: 2x (S:-0.08) | AMZN: 2x (S:0.08)
2026-05-17 18:09:02 | abrakadabra.aggregator       | INFO    | Dashboard-JSON exportiert: 52 Ticker, 69 Erwaehnungen -> hype_data.json
2026-05-17 18:09:39 │ abrakadabra.main             │ INFO    │ Top-Ticker: USO: 1x (S:-0.81) | AMZN: 1x (S:-0.81) | LULU: 1x (S:-0.81) | LLY: 1x (S:-0.81)
2026-05-17 18:09:39 │ abrakadabra.aggregator       │ INFO    │ Dashboard-JSON exportiert: 4 Ticker, 4 Erwaehnungen → hype_data.json
2026-05-17 18:10:02 | abrakadabra.main             | INFO    | Top-Ticker: GOOGL: 4x (S:0.50) | AMD: 3x (S:0.28) | NVDA: 3x (S:0.35) | USO: 2x (S:-0.08) | AMZN: 2x (S:0.08)
2026-05-17 18:10:02 | abrakadabra.aggregator       | INFO    | Dashboard-JSON exportiert: 52 Ticker, 69 Erwaehnungen -> hype_data.json
2026-05-17 18:10:17 | abrakadabra.main             | INFO    | =======================================================
2026-05-17 18:10:17 | abrakadabra.main             | INFO    | Abrakadabra startet...
2026-05-17 18:10:17 | abrakadabra.main             | INFO    | Subreddits: r/wallstreetbets+CryptoCurrency+stocks+pennystocks+SatoshiStreetBets
2026-05-17 18:10:17 | abrakadabra.main             | INFO    | Aggregations-Fenster: 15 Minuten
2026-05-17 18:10:17 | abrakadabra.main             | INFO    | Min. Erwaehnungen fuer Alert: 5
2026-05-17 18:10:17 | abrakadabra.main             | INFO    | Min. Sentiment-Score: 0.2
2026-05-17 18:10:17 | abrakadabra.main             | INFO    | Alert-Check-Intervall: 60s
2026-05-17 18:10:17 | abrakadabra.main             | INFO    | Spam-Filter: Account-Alter >= 30d, Karma >= 50
2026-05-17 18:10:17 | abrakadabra.main             | INFO    | =======================================================
2026-05-17 18:10:17 | abrakadabra.aggregator       | INFO    | Aggregator initialisiert: Fenster=15min, Min-Erwaehnungen=5, Min-Sentiment=0.2
2026-05-17 18:10:17 | abrakadabra.main             | WARNING | STARTE IM [RSS-MODUS] (Keine API-Keys, Fallback auf öffentliche Feeds)
2026-05-17 18:10:17 | abrakadabra.main             | INFO    | Starte RSS-Stream fuer: wallstreetbets+CryptoCurrency+stocks+pennystocks+SatoshiStreetBets
2026-05-17 18:10:17 | abrakadabra.main             | INFO    | Thread 'RssWorker' gestartet.
2026-05-17 18:10:17 | abrakadabra.rss_ingestion    | INFO    | Starte RSS-Fallback-Modus fuer Subreddits: wallstreetbets, CryptoCurrency, stocks, pennystocks, SatoshiStreetBets
2026-05-17 18:10:17 | abrakadabra.main             | INFO    | Alert-Worker gestartet. Check-Intervall: 60s
2026-05-17 18:10:17 | abrakadabra.main             | INFO    | Thread 'AlertWorker' gestartet.
2026-05-17 18:10:17 | abrakadabra.rss_ingestion    | INFO    | Abfrage-Intervall: 60 Sekunden
2026-05-17 18:10:17 | abrakadabra.main             | INFO    | Alle Worker laufen. Druecke Ctrl+C zum Beenden.
2026-05-17 18:10:17 | abrakadabra.main             | INFO    | -------------------------------------------------------
2026-05-17 18:10:17 | abrakadabra.aggregator       | INFO    | Dashboard-JSON exportiert: 0 Ticker, 0 Erwaehnungen -> hype_data.json
2026-05-17 18:10:39 │ abrakadabra.main             │ INFO    │ Top-Ticker: USO: 1x (S:-0.81) | AMZN: 1x (S:-0.81) | LULU: 1x (S:-0.81) | LLY: 1x (S:-0.81)
2026-05-17 18:10:39 │ abrakadabra.aggregator       │ INFO    │ Dashboard-JSON exportiert: 4 Ticker, 4 Erwaehnungen → hype_data.json
2026-05-17 18:11:17 | abrakadabra.main             | INFO    | Top-Ticker: GOOGL: 4x (S:0.50) | NVDA: 3x (S:0.35) | AMD: 3x (S:0.28) | USO: 2x (S:-0.08) | AMZN: 2x (S:0.08)
2026-05-17 18:11:17 | abrakadabra.aggregator       | INFO    | Dashboard-JSON exportiert: 52 Ticker, 69 Erwaehnungen -> hype_data.json
2026-05-17 18:11:39 │ abrakadabra.main             │ INFO    │ Top-Ticker: USO: 1x (S:-0.81) | AMZN: 1x (S:-0.81) | LULU: 1x (S:-0.81) | LLY: 1x (S:-0.81)
2026-05-17 18:11:39 │ abrakadabra.aggregator       │ INFO    │ Dashboard-JSON exportiert: 4 Ticker, 4 Erwaehnungen → hype_data.json
2026-05-17 18:12:17 | abrakadabra.main             | INFO    | Top-Ticker: GOOGL: 4x (S:0.50) | NVDA: 3x (S:0.35) | AMD: 3x (S:0.28) | USO: 2x (S:-0.08) | AMZN: 2x (S:0.08)
2026-05-17 18:12:17 | abrakadabra.aggregator       | INFO    | Dashboard-JSON exportiert: 52 Ticker, 69 Erwaehnungen -> hype_data.json
2026-05-17 18:12:39 │ abrakadabra.main             │ INFO    │ Top-Ticker: USO: 1x (S:-0.81) | AMZN: 1x (S:-0.81) | LULU: 1x (S:-0.81) | LLY: 1x (S:-0.81)
2026-05-17 18:12:39 │ abrakadabra.aggregator       │ INFO    │ Dashboard-JSON exportiert: 4 Ticker, 4 Erwaehnungen → hype_data.json
2026-05-17 18:13:17 | abrakadabra.main             | INFO    | Top-Ticker: GOOGL: 4x (S:0.50) | NVDA: 3x (S:0.35) | AMD: 3x (S:0.28) | USO: 2x (S:-0.08) | AMZN: 2x (S:0.08)
2026-05-17 18:13:17 | abrakadabra.aggregator       | INFO    | Dashboard-JSON exportiert: 52 Ticker, 69 Erwaehnungen -> hype_data.json
2026-05-17 18:13:39 │ abrakadabra.main             │ INFO    │ Top-Ticker: USO: 1x (S:-0.81) | AMZN: 1x (S:-0.81) | LULU: 1x (S:-0.81) | LLY: 1x (S:-0.81)
2026-05-17 18:13:39 │ abrakadabra.aggregator       │ INFO    │ Dashboard-JSON exportiert: 4 Ticker, 4 Erwaehnungen → hype_data.json
2026-05-17 18:14:17 | abrakadabra.main             | INFO    | Top-Ticker: GOOGL: 4x (S:0.50) | NVDA: 3x (S:0.35) | AMD: 3x (S:0.28) | USO: 2x (S:-0.08) | AMZN: 2x (S:0.08)
2026-05-17 18:14:17 | abrakadabra.aggregator       | INFO    | Dashboard-JSON exportiert: 52 Ticker, 69 Erwaehnungen -> hype_data.json
2026-05-17 18:14:39 │ abrakadabra.main             │ INFO    │ Top-Ticker: USO: 1x (S:-0.81) | AMZN: 1x (S:-0.81) | LULU: 1x (S:-0.81) | LLY: 1x (S:-0.81)
2026-05-17 18:14:39 │ abrakadabra.aggregator       │ INFO    │ Dashboard-JSON exportiert: 4 Ticker, 4 Erwaehnungen → hype_data.json
2026-05-17 18:15:17 | abrakadabra.main             | INFO    | Top-Ticker: GOOGL: 4x (S:0.50) | NVDA: 3x (S:0.35) | AMD: 3x (S:0.28) | USO: 2x (S:-0.08) | AMZN: 2x (S:0.08)
2026-05-17 18:15:17 | abrakadabra.aggregator       | INFO    | Dashboard-JSON exportiert: 52 Ticker, 69 Erwaehnungen -> hype_data.json
2026-05-17 18:15:39 │ abrakadabra.main             │ INFO    │ Top-Ticker: USO: 1x (S:-0.81) | AMZN: 1x (S:-0.81) | LULU: 1x (S:-0.81) | LLY: 1x (S:-0.81)
2026-05-17 18:15:39 │ abrakadabra.aggregator       │ INFO    │ Dashboard-JSON exportiert: 4 Ticker, 4 Erwaehnungen → hype_data.json
2026-05-17 18:16:17 | abrakadabra.main             | INFO    | Top-Ticker: GOOGL: 4x (S:0.50) | NVDA: 3x (S:0.35) | AMD: 3x (S:0.28) | USO: 2x (S:-0.08) | AMZN: 2x (S:0.08)
2026-05-17 18:16:17 | abrakadabra.aggregator       | INFO    | Dashboard-JSON exportiert: 52 Ticker, 69 Erwaehnungen -> hype_data.json
2026-05-17 18:16:39 │ abrakadabra.main             │ INFO    │ Top-Ticker: USO: 1x (S:-0.81) | AMZN: 1x (S:-0.81) | LULU: 1x (S:-0.81) | LLY: 1x (S:-0.81)
2026-05-17 18:16:39 │ abrakadabra.aggregator       │ INFO    │ Dashboard-JSON exportiert: 4 Ticker, 4 Erwaehnungen → hype_data.json
2026-05-17 18:17:17 | abrakadabra.main             | INFO    | Top-Ticker: GOOGL: 4x (S:0.50) | NVDA: 3x (S:0.35) | AMD: 3x (S:0.28) | USO: 2x (S:-0.08) | AMZN: 2x (S:0.08)
2026-05-17 18:17:17 | abrakadabra.aggregator       | INFO    | Dashboard-JSON exportiert: 52 Ticker, 69 Erwaehnungen -> hype_data.json
2026-05-17 18:17:39 │ abrakadabra.main             │ INFO    │ Top-Ticker: USO: 1x (S:-0.81) | AMZN: 1x (S:-0.81) | LULU: 1x (S:-0.81) | LLY: 1x (S:-0.81)
2026-05-17 18:17:39 │ abrakadabra.aggregator       │ INFO    │ Dashboard-JSON exportiert: 4 Ticker, 4 Erwaehnungen → hype_data.json
2026-05-17 18:18:17 | abrakadabra.main             | INFO    | Top-Ticker: GOOGL: 4x (S:0.50) | NVDA: 3x (S:0.35) | AMD: 3x (S:0.28) | USO: 2x (S:-0.08) | AMZN: 2x (S:0.08)
2026-05-17 18:18:17 | abrakadabra.aggregator       | INFO    | Dashboard-JSON exportiert: 52 Ticker, 69 Erwaehnungen -> hype_data.json
2026-05-17 18:18:39 │ abrakadabra.main             │ INFO    │ Top-Ticker: USO: 1x (S:-0.81) | AMZN: 1x (S:-0.81) | LULU: 1x (S:-0.81) | LLY: 1x (S:-0.81)
2026-05-17 18:18:39 │ abrakadabra.aggregator       │ INFO    │ Dashboard-JSON exportiert: 4 Ticker, 4 Erwaehnungen → hype_data.json
2026-05-17 18:19:18 | abrakadabra.main             | INFO    | Top-Ticker: GOOGL: 4x (S:0.50) | NVDA: 3x (S:0.35) | AMD: 3x (S:0.28) | USO: 2x (S:-0.08) | AMZN: 2x (S:0.08)
2026-05-17 18:19:18 | abrakadabra.aggregator       | INFO    | Dashboard-JSON exportiert: 52 Ticker, 69 Erwaehnungen -> hype_data.json
2026-05-17 18:19:39 │ abrakadabra.main             │ INFO    │ Top-Ticker: USO: 1x (S:-0.81) | AMZN: 1x (S:-0.81) | LULU: 1x (S:-0.81) | LLY: 1x (S:-0.81)
2026-05-17 18:19:39 │ abrakadabra.aggregator       │ INFO    │ Dashboard-JSON exportiert: 4 Ticker, 4 Erwaehnungen → hype_data.json
2026-05-17 18:20:18 | abrakadabra.main             | INFO    | Top-Ticker: GOOGL: 4x (S:0.50) | NVDA: 3x (S:0.35) | AMD: 3x (S:0.28) | USO: 2x (S:-0.08) | AMZN: 2x (S:0.08)
2026-05-17 18:20:18 | abrakadabra.aggregator       | INFO    | Dashboard-JSON exportiert: 52 Ticker, 69 Erwaehnungen -> hype_data.json
2026-05-17 18:20:39 │ abrakadabra.main             │ INFO    │ Top-Ticker: USO: 1x (S:-0.81) | AMZN: 1x (S:-0.81) | LULU: 1x (S:-0.81) | LLY: 1x (S:-0.81)
2026-05-17 18:20:39 │ abrakadabra.aggregator       │ INFO    │ Dashboard-JSON exportiert: 4 Ticker, 4 Erwaehnungen → hype_data.json
2026-05-17 18:21:18 | abrakadabra.main             | INFO    | Top-Ticker: GOOGL: 4x (S:0.50) | NVDA: 3x (S:0.35) | AMD: 3x (S:0.28) | USO: 2x (S:-0.08) | AMZN: 2x (S:0.08)
2026-05-17 18:21:18 | abrakadabra.aggregator       | INFO    | Dashboard-JSON exportiert: 52 Ticker, 69 Erwaehnungen -> hype_data.json
2026-05-17 18:21:39 │ abrakadabra.main             │ INFO    │ Top-Ticker: USO: 1x (S:-0.81) | AMZN: 1x (S:-0.81) | LULU: 1x (S:-0.81) | LLY: 1x (S:-0.81)
2026-05-17 18:21:39 │ abrakadabra.aggregator       │ INFO    │ Dashboard-JSON exportiert: 4 Ticker, 4 Erwaehnungen → hype_data.json
2026-05-17 18:22:18 | abrakadabra.main             | INFO    | Top-Ticker: GOOGL: 4x (S:0.50) | NVDA: 3x (S:0.35) | AMD: 3x (S:0.28) | USO: 2x (S:-0.08) | AMZN: 2x (S:0.08)
2026-05-17 18:22:18 | abrakadabra.aggregator       | INFO    | Dashboard-JSON exportiert: 52 Ticker, 69 Erwaehnungen -> hype_data.json
2026-05-17 18:22:39 │ abrakadabra.aggregator       │ INFO    │ Dashboard-JSON exportiert: 0 Ticker, 0 Erwaehnungen → hype_data.json
2026-05-17 18:23:18 | abrakadabra.main             | INFO    | Top-Ticker: GOOGL: 4x (S:0.50) | NVDA: 3x (S:0.35) | AMD: 3x (S:0.28) | USO: 2x (S:-0.08) | AMZN: 2x (S:0.08)
2026-05-17 18:23:18 | abrakadabra.aggregator       | INFO    | Dashboard-JSON exportiert: 52 Ticker, 69 Erwaehnungen -> hype_data.json
2026-05-17 18:23:39 │ abrakadabra.aggregator       │ INFO    │ Dashboard-JSON exportiert: 0 Ticker, 0 Erwaehnungen → hype_data.json
2026-05-17 18:24:58 | abrakadabra.main             | INFO    | =======================================================
2026-05-17 18:24:58 | abrakadabra.main             | INFO    | Abrakadabra startet...
2026-05-17 18:24:58 | abrakadabra.main             | INFO    | Subreddits: r/wallstreetbets+CryptoCurrency+stocks+pennystocks+SatoshiStreetBets
2026-05-17 18:24:58 | abrakadabra.main             | INFO    | Aggregations-Fenster: 15 Minuten
2026-05-17 18:24:58 | abrakadabra.main             | INFO    | Min. Erwaehnungen fuer Alert: 5
2026-05-17 18:24:58 | abrakadabra.main             | INFO    | Min. Sentiment-Score: 0.2
2026-05-17 18:24:58 | abrakadabra.main             | INFO    | Alert-Check-Intervall: 60s
2026-05-17 18:24:58 | abrakadabra.main             | INFO    | Spam-Filter: Account-Alter >= 30d, Karma >= 50
2026-05-17 18:24:58 | abrakadabra.main             | INFO    | =======================================================
2026-05-17 18:24:58 | abrakadabra.aggregator       | INFO    | Aggregator initialisiert: Fenster=15min, Min-Erwaehnungen=5, Min-Sentiment=0.2
2026-05-17 18:24:58 | abrakadabra.main             | WARNING | STARTE IM [RSS-MODUS] (Keine API-Keys, Fallback auf öffentliche Feeds)
2026-05-17 18:24:58 | abrakadabra.main             | INFO    | Starte RSS-Stream fuer: wallstreetbets+CryptoCurrency+stocks+pennystocks+SatoshiStreetBets
2026-05-17 18:24:58 | abrakadabra.main             | INFO    | Thread 'RssWorker' gestartet.
2026-05-17 18:24:58 | abrakadabra.rss_ingestion    | INFO    | Starte RSS-Fallback-Modus fuer Subreddits: wallstreetbets, CryptoCurrency, stocks, pennystocks, SatoshiStreetBets
2026-05-17 18:24:58 | abrakadabra.main             | INFO    | Alert-Worker gestartet. Check-Intervall: 60s
2026-05-17 18:24:58 | abrakadabra.main             | INFO    | Thread 'AlertWorker' gestartet.
2026-05-17 18:24:58 | abrakadabra.rss_ingestion    | INFO    | Abfrage-Intervall: 60 Sekunden
2026-05-17 18:24:58 | abrakadabra.main             | INFO    | Alle Worker laufen. Druecke Ctrl+C zum Beenden.
2026-05-17 18:24:58 | abrakadabra.main             | INFO    | -------------------------------------------------------
2026-05-17 18:24:58 | abrakadabra.aggregator       | INFO    | Dashboard-JSON exportiert: 0 Ticker, 0 Erwaehnungen -> hype_data.json
2026-05-17 18:25:58 | abrakadabra.main             | INFO    | Top-Ticker: GOOGL: 4x (S:0.50) | NVDA: 3x (S:0.35) | AMD: 3x (S:0.28) | AMZN: 2x (S:0.08) | USO: 2x (S:-0.08)
2026-05-17 18:25:58 | abrakadabra.aggregator       | INFO    | Dashboard-JSON exportiert: 51 Ticker, 68 Erwaehnungen -> hype_data.json
2026-05-17 18:26:58 | abrakadabra.main             | INFO    | Top-Ticker: GOOGL: 4x (S:0.50) | NVDA: 3x (S:0.35) | AMD: 3x (S:0.28) | AMZN: 2x (S:0.08) | USO: 2x (S:-0.08)
2026-05-17 18:26:58 | abrakadabra.aggregator       | INFO    | Dashboard-JSON exportiert: 51 Ticker, 68 Erwaehnungen -> hype_data.json
2026-05-17 18:27:58 | abrakadabra.main             | INFO    | Top-Ticker: GOOGL: 4x (S:0.50) | NVDA: 3x (S:0.35) | AMD: 3x (S:0.28) | AMZN: 2x (S:0.08) | USO: 2x (S:-0.08)
2026-05-17 18:27:58 | abrakadabra.aggregator       | INFO    | Dashboard-JSON exportiert: 51 Ticker, 68 Erwaehnungen -> hype_data.json
2026-05-17 18:28:58 | abrakadabra.main             | INFO    | Top-Ticker: GOOGL: 4x (S:0.50) | NVDA: 3x (S:0.35) | AMD: 3x (S:0.28) | AMZN: 2x (S:0.08) | USO: 2x (S:-0.08)
2026-05-17 18:28:58 | abrakadabra.aggregator       | INFO    | Dashboard-JSON exportiert: 51 Ticker, 68 Erwaehnungen -> hype_data.json
2026-05-17 18:29:58 | abrakadabra.main             | INFO    | Top-Ticker: GOOGL: 4x (S:0.50) | NVDA: 3x (S:0.35) | AMD: 3x (S:0.28) | AMZN: 2x (S:0.08) | USO: 2x (S:-0.08)
2026-05-17 18:29:58 | abrakadabra.aggregator       | INFO    | Dashboard-JSON exportiert: 51 Ticker, 68 Erwaehnungen -> hype_data.json
2026-05-17 18:30:58 | abrakadabra.main             | INFO    | Top-Ticker: GOOGL: 4x (S:0.50) | NVDA: 3x (S:0.35) | AMD: 3x (S:0.28) | AMZN: 2x (S:0.08) | USO: 2x (S:-0.08)
2026-05-17 18:30:58 | abrakadabra.aggregator       | INFO    | Dashboard-JSON exportiert: 51 Ticker, 68 Erwaehnungen -> hype_data.json
2026-05-17 18:31:58 | abrakadabra.main             | INFO    | Top-Ticker: GOOGL: 4x (S:0.50) | NVDA: 3x (S:0.35) | AMD: 3x (S:0.28) | AMZN: 2x (S:0.08) | USO: 2x (S:-0.08)
2026-05-17 18:31:58 | abrakadabra.aggregator       | INFO    | Dashboard-JSON exportiert: 51 Ticker, 68 Erwaehnungen -> hype_data.json
2026-05-17 18:32:58 | abrakadabra.main             | INFO    | Top-Ticker: GOOGL: 4x (S:0.50) | NVDA: 3x (S:0.35) | AMD: 3x (S:0.28) | AMZN: 2x (S:0.08) | USO: 2x (S:-0.08)
2026-05-17 18:32:58 | abrakadabra.aggregator       | INFO    | Dashboard-JSON exportiert: 51 Ticker, 68 Erwaehnungen -> hype_data.json
2026-05-17 18:33:58 | abrakadabra.main             | INFO    | Top-Ticker: GOOGL: 4x (S:0.50) | NVDA: 3x (S:0.35) | AMD: 3x (S:0.28) | AMZN: 2x (S:0.08) | USO: 2x (S:-0.08)
2026-05-17 18:33:58 | abrakadabra.aggregator       | INFO    | Dashboard-JSON exportiert: 51 Ticker, 68 Erwaehnungen -> hype_data.json
2026-05-17 18:34:58 | abrakadabra.main             | INFO    | Top-Ticker: GOOGL: 4x (S:0.50) | NVDA: 3x (S:0.35) | AMD: 3x (S:0.28) | AMZN: 2x (S:0.08) | USO: 2x (S:-0.08)
2026-05-17 18:34:58 | abrakadabra.aggregator       | INFO    | Dashboard-JSON exportiert: 51 Ticker, 68 Erwaehnungen -> hype_data.json
2026-05-17 18:35:58 | abrakadabra.main             | INFO    | Top-Ticker: GOOGL: 4x (S:0.50) | NVDA: 3x (S:0.35) | AMD: 3x (S:0.28) | AMZN: 2x (S:0.08) | USO: 2x (S:-0.08)
2026-05-17 18:35:58 | abrakadabra.aggregator       | INFO    | Dashboard-JSON exportiert: 51 Ticker, 68 Erwaehnungen -> hype_data.json
2026-05-17 18:36:49 | abrakadabra.main             | INFO    | =======================================================
2026-05-17 18:36:49 | abrakadabra.main             | INFO    | Abrakadabra startet...
2026-05-17 18:36:49 | abrakadabra.main             | INFO    | Subreddits: r/wallstreetbets+CryptoCurrency+stocks+pennystocks+SatoshiStreetBets
2026-05-17 18:36:49 | abrakadabra.main             | INFO    | Aggregations-Fenster: 15 Minuten
2026-05-17 18:36:49 | abrakadabra.main             | INFO    | Min. Erwaehnungen fuer Alert: 5
2026-05-17 18:36:49 | abrakadabra.main             | INFO    | Min. Sentiment-Score: 0.2
2026-05-17 18:36:49 | abrakadabra.main             | INFO    | Alert-Check-Intervall: 60s
2026-05-17 18:36:49 | abrakadabra.main             | INFO    | Spam-Filter: Account-Alter >= 30d, Karma >= 50
2026-05-17 18:36:49 | abrakadabra.main             | INFO    | =======================================================
2026-05-17 18:36:49 | abrakadabra.aggregator       | INFO    | Aggregator initialisiert: Fenster=15min, Min-Erwaehnungen=5, Min-Sentiment=0.2
2026-05-17 18:36:49 | abrakadabra.aggregator       | INFO    | Aggregator initialisiert: Fenster=1440min, Min-Erwaehnungen=5, Min-Sentiment=0.2
2026-05-17 18:36:49 | abrakadabra.main             | WARNING | STARTE IM [RSS-MODUS] (Keine API-Keys, Fallback auf öffentliche Feeds)
2026-05-17 18:36:49 | abrakadabra.main             | INFO    | Starte RSS-Stream fuer: wallstreetbets+CryptoCurrency+stocks+pennystocks+SatoshiStreetBets
2026-05-17 18:36:49 | abrakadabra.main             | INFO    | Thread 'RssWorker' gestartet.
2026-05-17 18:36:49 | abrakadabra.rss_ingestion    | INFO    | Starte RSS-Fallback-Modus fuer Subreddits: wallstreetbets, CryptoCurrency, stocks, pennystocks, SatoshiStreetBets
2026-05-17 18:36:49 | abrakadabra.rss_ingestion    | INFO    | Abfrage-Intervall: 60 Sekunden
2026-05-17 18:36:49 | abrakadabra.main             | INFO    | Alert-Worker gestartet. Check-Intervall: 60s
2026-05-17 18:36:49 | abrakadabra.main             | INFO    | Thread 'AlertWorker' gestartet.
2026-05-17 18:36:49 | abrakadabra.main             | INFO    | Alle Worker laufen. Druecke Ctrl+C zum Beenden.
2026-05-17 18:36:49 | abrakadabra.main             | INFO    | -------------------------------------------------------
2026-05-17 18:36:49 | abrakadabra.aggregator       | INFO    | Dashboard-JSON exportiert: 0 Ticker, 0 Erwaehnungen -> hype_data.json
2026-05-17 18:36:49 | abrakadabra.aggregator       | INFO    | Dashboard-JSON exportiert: 0 Ticker, 0 Erwaehnungen -> hype_data_max.json
2026-05-17 18:37:49 | abrakadabra.aggregator       | INFO    | Dashboard-JSON exportiert: 52 Ticker, 69 Erwaehnungen -> hype_data.json
2026-05-17 18:37:49 | abrakadabra.aggregator       | INFO    | Dashboard-JSON exportiert: 52 Ticker, 69 Erwaehnungen -> hype_data_max.json
2026-05-17 18:38:49 | abrakadabra.aggregator       | INFO    | Dashboard-JSON exportiert: 52 Ticker, 69 Erwaehnungen -> hype_data.json
2026-05-17 18:38:49 | abrakadabra.aggregator       | INFO    | Dashboard-JSON exportiert: 52 Ticker, 69 Erwaehnungen -> hype_data_max.json
2026-05-17 18:39:49 | abrakadabra.aggregator       | INFO    | Dashboard-JSON exportiert: 52 Ticker, 69 Erwaehnungen -> hype_data.json
2026-05-17 18:39:49 | abrakadabra.aggregator       | INFO    | Dashboard-JSON exportiert: 52 Ticker, 69 Erwaehnungen -> hype_data_max.json
2026-05-17 18:40:49 | abrakadabra.aggregator       | INFO    | Dashboard-JSON exportiert: 52 Ticker, 69 Erwaehnungen -> hype_data.json
2026-05-17 18:40:49 | abrakadabra.aggregator       | INFO    | Dashboard-JSON exportiert: 52 Ticker, 69 Erwaehnungen -> hype_data_max.json
2026-05-17 18:41:49 | abrakadabra.aggregator       | INFO    | Dashboard-JSON exportiert: 52 Ticker, 69 Erwaehnungen -> hype_data.json
2026-05-17 18:41:49 | abrakadabra.aggregator       | INFO    | Dashboard-JSON exportiert: 52 Ticker, 69 Erwaehnungen -> hype_data_max.json
2026-05-17 18:42:49 | abrakadabra.aggregator       | INFO    | Dashboard-JSON exportiert: 52 Ticker, 69 Erwaehnungen -> hype_data.json
2026-05-17 18:42:49 | abrakadabra.aggregator       | INFO    | Dashboard-JSON exportiert: 52 Ticker, 69 Erwaehnungen -> hype_data_max.json
2026-05-17 18:43:49 | abrakadabra.aggregator       | INFO    | Dashboard-JSON exportiert: 52 Ticker, 69 Erwaehnungen -> hype_data.json
2026-05-17 18:43:49 | abrakadabra.aggregator       | INFO    | Dashboard-JSON exportiert: 52 Ticker, 69 Erwaehnungen -> hype_data_max.json
2026-05-17 18:44:49 | abrakadabra.aggregator       | INFO    | Dashboard-JSON exportiert: 52 Ticker, 69 Erwaehnungen -> hype_data.json
2026-05-17 18:44:49 | abrakadabra.aggregator       | INFO    | Dashboard-JSON exportiert: 52 Ticker, 69 Erwaehnungen -> hype_data_max.json
2026-05-17 18:45:49 | abrakadabra.aggregator       | INFO    | Dashboard-JSON exportiert: 52 Ticker, 69 Erwaehnungen -> hype_data.json
2026-05-17 18:45:49 | abrakadabra.aggregator       | INFO    | Dashboard-JSON exportiert: 52 Ticker, 69 Erwaehnungen -> hype_data_max.json
2026-05-17 18:46:49 | abrakadabra.aggregator       | INFO    | Dashboard-JSON exportiert: 52 Ticker, 69 Erwaehnungen -> hype_data.json
2026-05-17 18:46:49 | abrakadabra.aggregator       | INFO    | Dashboard-JSON exportiert: 52 Ticker, 69 Erwaehnungen -> hype_data_max.json
2026-05-17 18:47:49 | abrakadabra.aggregator       | INFO    | Dashboard-JSON exportiert: 52 Ticker, 69 Erwaehnungen -> hype_data.json
2026-05-17 18:47:49 | abrakadabra.aggregator       | INFO    | Dashboard-JSON exportiert: 52 Ticker, 69 Erwaehnungen -> hype_data_max.json
2026-05-17 18:48:49 | abrakadabra.aggregator       | INFO    | Dashboard-JSON exportiert: 52 Ticker, 69 Erwaehnungen -> hype_data.json
2026-05-17 18:48:49 | abrakadabra.aggregator       | INFO    | Dashboard-JSON exportiert: 52 Ticker, 69 Erwaehnungen -> hype_data_max.json
2026-05-17 18:49:49 | abrakadabra.aggregator       | INFO    | Dashboard-JSON exportiert: 52 Ticker, 69 Erwaehnungen -> hype_data.json
2026-05-17 18:49:49 | abrakadabra.aggregator       | INFO    | Dashboard-JSON exportiert: 52 Ticker, 69 Erwaehnungen -> hype_data_max.json
2026-05-17 18:50:49 | abrakadabra.aggregator       | INFO    | Dashboard-JSON exportiert: 52 Ticker, 69 Erwaehnungen -> hype_data.json
2026-05-17 18:50:49 | abrakadabra.aggregator       | INFO    | Dashboard-JSON exportiert: 52 Ticker, 69 Erwaehnungen -> hype_data_max.json
2026-05-17 18:51:49 | abrakadabra.aggregator       | INFO    | Dashboard-JSON exportiert: 52 Ticker, 69 Erwaehnungen -> hype_data.json
2026-05-17 18:51:49 | abrakadabra.aggregator       | INFO    | Dashboard-JSON exportiert: 52 Ticker, 69 Erwaehnungen -> hype_data_max.json
2026-05-17 18:52:49 | abrakadabra.aggregator       | INFO    | Dashboard-JSON exportiert: 0 Ticker, 0 Erwaehnungen -> hype_data.json
2026-05-17 18:52:49 | abrakadabra.aggregator       | INFO    | Dashboard-JSON exportiert: 52 Ticker, 69 Erwaehnungen -> hype_data_max.json
2026-05-17 18:53:49 | abrakadabra.aggregator       | INFO    | Dashboard-JSON exportiert: 0 Ticker, 0 Erwaehnungen -> hype_data.json
2026-05-17 18:53:49 | abrakadabra.aggregator       | INFO    | Dashboard-JSON exportiert: 52 Ticker, 69 Erwaehnungen -> hype_data_max.json
2026-05-17 18:54:49 | abrakadabra.aggregator       | INFO    | Dashboard-JSON exportiert: 1 Ticker, 1 Erwaehnungen -> hype_data.json
2026-05-17 18:54:49 | abrakadabra.aggregator       | INFO    | Dashboard-JSON exportiert: 53 Ticker, 70 Erwaehnungen -> hype_data_max.json
2026-05-17 18:55:49 | abrakadabra.aggregator       | INFO    | Dashboard-JSON exportiert: 1 Ticker, 1 Erwaehnungen -> hype_data.json
2026-05-17 18:55:49 | abrakadabra.aggregator       | INFO    | Dashboard-JSON exportiert: 53 Ticker, 70 Erwaehnungen -> hype_data_max.json
2026-05-17 18:56:58 | abrakadabra.main             | INFO    | =======================================================
2026-05-17 18:56:58 | abrakadabra.main             | INFO    | Abrakadabra startet...
2026-05-17 18:56:58 | abrakadabra.main             | INFO    | Subreddits: r/wallstreetbets+CryptoCurrency+stocks+pennystocks+SatoshiStreetBets
2026-05-17 18:56:58 | abrakadabra.main             | INFO    | Aggregations-Fenster: 15 Minuten
2026-05-17 18:56:58 | abrakadabra.main             | INFO    | Min. Erwaehnungen fuer Alert: 4
2026-05-17 18:56:58 | abrakadabra.main             | INFO    | Min. Sentiment-Score: 0.6
2026-05-17 18:56:58 | abrakadabra.main             | INFO    | Alert-Check-Intervall: 60s
2026-05-17 18:56:58 | abrakadabra.main             | INFO    | Spam-Filter: Account-Alter >= 30d, Karma >= 50
2026-05-17 18:56:58 | abrakadabra.main             | INFO    | =======================================================
2026-05-17 18:56:58 | abrakadabra.aggregator       | INFO    | Aggregator initialisiert: Fenster=15min, Min-Erwaehnungen=4, Min-Sentiment=0.6
2026-05-17 18:56:58 | abrakadabra.aggregator       | INFO    | Aggregator initialisiert: Fenster=1440min, Min-Erwaehnungen=4, Min-Sentiment=0.6
2026-05-17 18:56:58 | abrakadabra.main             | WARNING | STARTE IM [RSS-MODUS] (Keine API-Keys, Fallback auf öffentliche Feeds)
2026-05-17 18:56:58 | abrakadabra.main             | INFO    | Starte RSS-Stream fuer: wallstreetbets+CryptoCurrency+stocks+pennystocks+SatoshiStreetBets
2026-05-17 18:56:58 | abrakadabra.main             | INFO    | Thread 'RssWorker' gestartet.
2026-05-17 18:56:58 | abrakadabra.rss_ingestion    | INFO    | Starte RSS-Fallback-Modus fuer Subreddits: wallstreetbets, CryptoCurrency, stocks, pennystocks, SatoshiStreetBets
2026-05-17 18:56:58 | abrakadabra.rss_ingestion    | INFO    | Abfrage-Intervall: 60 Sekunden
2026-05-17 18:56:58 | abrakadabra.main             | INFO    | Alert-Worker gestartet. Check-Intervall: 60s
2026-05-17 18:56:58 | abrakadabra.main             | INFO    | Thread 'AlertWorker' gestartet.
2026-05-17 18:56:58 | abrakadabra.main             | INFO    | Alle Worker laufen. Druecke Ctrl+C zum Beenden.
2026-05-17 18:56:58 | abrakadabra.main             | INFO    | -------------------------------------------------------
2026-05-17 18:56:58 | abrakadabra.aggregator       | INFO    | Dashboard-JSON exportiert: 0 Ticker, 0 Erwaehnungen -> hype_data.json
2026-05-17 18:56:58 | abrakadabra.aggregator       | INFO    | Dashboard-JSON exportiert: 0 Ticker, 0 Erwaehnungen -> hype_data_max.json
2026-05-17 18:57:58 | abrakadabra.aggregator       | INFO    | Dashboard-JSON exportiert: 53 Ticker, 70 Erwaehnungen -> hype_data.json
2026-05-17 18:57:58 | abrakadabra.aggregator       | INFO    | Dashboard-JSON exportiert: 53 Ticker, 70 Erwaehnungen -> hype_data_max.json
2026-05-17 18:58:58 | abrakadabra.aggregator       | INFO    | Dashboard-JSON exportiert: 53 Ticker, 70 Erwaehnungen -> hype_data.json
2026-05-17 18:58:58 | abrakadabra.aggregator       | INFO    | Dashboard-JSON exportiert: 53 Ticker, 70 Erwaehnungen -> hype_data_max.json
2026-05-17 18:59:58 | abrakadabra.aggregator       | INFO    | Dashboard-JSON exportiert: 53 Ticker, 70 Erwaehnungen -> hype_data.json
2026-05-17 18:59:58 | abrakadabra.aggregator       | INFO    | Dashboard-JSON exportiert: 53 Ticker, 70 Erwaehnungen -> hype_data_max.json
2026-05-17 19:00:58 | abrakadabra.aggregator       | INFO    | Dashboard-JSON exportiert: 53 Ticker, 70 Erwaehnungen -> hype_data.json
2026-05-17 19:00:58 | abrakadabra.aggregator       | INFO    | Dashboard-JSON exportiert: 53 Ticker, 70 Erwaehnungen -> hype_data_max.json
2026-05-17 19:01:58 | abrakadabra.aggregator       | INFO    | Dashboard-JSON exportiert: 53 Ticker, 70 Erwaehnungen -> hype_data.json
2026-05-17 19:01:58 | abrakadabra.aggregator       | INFO    | Dashboard-JSON exportiert: 53 Ticker, 70 Erwaehnungen -> hype_data_max.json
2026-05-17 19:02:58 | abrakadabra.aggregator       | INFO    | Dashboard-JSON exportiert: 53 Ticker, 70 Erwaehnungen -> hype_data.json
2026-05-17 19:02:58 | abrakadabra.aggregator       | INFO    | Dashboard-JSON exportiert: 53 Ticker, 70 Erwaehnungen -> hype_data_max.json
2026-05-17 19:03:58 | abrakadabra.aggregator       | INFO    | Dashboard-JSON exportiert: 53 Ticker, 70 Erwaehnungen -> hype_data.json
2026-05-17 19:03:58 | abrakadabra.aggregator       | INFO    | Dashboard-JSON exportiert: 53 Ticker, 70 Erwaehnungen -> hype_data_max.json
2026-05-17 19:04:58 | abrakadabra.aggregator       | INFO    | Dashboard-JSON exportiert: 53 Ticker, 70 Erwaehnungen -> hype_data.json
2026-05-17 19:04:58 | abrakadabra.aggregator       | INFO    | Dashboard-JSON exportiert: 53 Ticker, 70 Erwaehnungen -> hype_data_max.json
2026-05-17 19:05:58 | abrakadabra.aggregator       | INFO    | Dashboard-JSON exportiert: 53 Ticker, 70 Erwaehnungen -> hype_data.json
2026-05-17 19:05:58 | abrakadabra.aggregator       | INFO    | Dashboard-JSON exportiert: 53 Ticker, 70 Erwaehnungen -> hype_data_max.json
2026-05-17 19:06:58 | abrakadabra.aggregator       | INFO    | Dashboard-JSON exportiert: 53 Ticker, 70 Erwaehnungen -> hype_data.json
2026-05-17 19:06:58 | abrakadabra.aggregator       | INFO    | Dashboard-JSON exportiert: 53 Ticker, 70 Erwaehnungen -> hype_data_max.json
2026-05-17 19:07:58 | abrakadabra.aggregator       | INFO    | Dashboard-JSON exportiert: 53 Ticker, 70 Erwaehnungen -> hype_data.json
2026-05-17 19:07:58 | abrakadabra.aggregator       | INFO    | Dashboard-JSON exportiert: 53 Ticker, 70 Erwaehnungen -> hype_data_max.json
2026-05-17 19:08:58 | abrakadabra.aggregator       | INFO    | Dashboard-JSON exportiert: 53 Ticker, 70 Erwaehnungen -> hype_data.json
2026-05-17 19:08:58 | abrakadabra.aggregator       | INFO    | Dashboard-JSON exportiert: 53 Ticker, 70 Erwaehnungen -> hype_data_max.json
2026-05-17 19:09:58 | abrakadabra.aggregator       | INFO    | Dashboard-JSON exportiert: 53 Ticker, 70 Erwaehnungen -> hype_data.json
2026-05-17 19:09:58 | abrakadabra.aggregator       | INFO    | Dashboard-JSON exportiert: 53 Ticker, 70 Erwaehnungen -> hype_data_max.json
2026-05-17 19:10:58 | abrakadabra.aggregator       | INFO    | Dashboard-JSON exportiert: 53 Ticker, 70 Erwaehnungen -> hype_data.json
2026-05-17 19:10:58 | abrakadabra.aggregator       | INFO    | Dashboard-JSON exportiert: 53 Ticker, 70 Erwaehnungen -> hype_data_max.json
2026-05-17 19:11:58 | abrakadabra.aggregator       | INFO    | Dashboard-JSON exportiert: 53 Ticker, 70 Erwaehnungen -> hype_data.json
2026-05-17 19:11:58 | abrakadabra.aggregator       | INFO    | Dashboard-JSON exportiert: 53 Ticker, 70 Erwaehnungen -> hype_data_max.json
2026-05-17 19:12:58 | abrakadabra.aggregator       | INFO    | Dashboard-JSON exportiert: 0 Ticker, 0 Erwaehnungen -> hype_data.json
2026-05-17 19:12:58 | abrakadabra.aggregator       | INFO    | Dashboard-JSON exportiert: 53 Ticker, 70 Erwaehnungen -> hype_data_max.json
2026-05-17 19:13:58 | abrakadabra.aggregator       | INFO    | Dashboard-JSON exportiert: 0 Ticker, 0 Erwaehnungen -> hype_data.json
2026-05-17 19:13:58 | abrakadabra.aggregator       | INFO    | Dashboard-JSON exportiert: 53 Ticker, 70 Erwaehnungen -> hype_data_max.json
2026-05-17 19:14:58 | abrakadabra.aggregator       | INFO    | Dashboard-JSON exportiert: 0 Ticker, 0 Erwaehnungen -> hype_data.json
2026-05-17 19:14:58 | abrakadabra.aggregator       | INFO    | Dashboard-JSON exportiert: 53 Ticker, 70 Erwaehnungen -> hype_data_max.json
2026-05-17 19:15:58 | abrakadabra.aggregator       | INFO    | Dashboard-JSON exportiert: 0 Ticker, 0 Erwaehnungen -> hype_data.json
2026-05-17 19:15:58 | abrakadabra.aggregator       | INFO    | Dashboard-JSON exportiert: 53 Ticker, 70 Erwaehnungen -> hype_data_max.json
2026-05-17 19:16:58 | abrakadabra.aggregator       | INFO    | Dashboard-JSON exportiert: 0 Ticker, 0 Erwaehnungen -> hype_data.json
2026-05-17 19:16:58 | abrakadabra.aggregator       | INFO    | Dashboard-JSON exportiert: 53 Ticker, 70 Erwaehnungen -> hype_data_max.json
2026-05-17 19:17:58 | abrakadabra.aggregator       | INFO    | Dashboard-JSON exportiert: 0 Ticker, 0 Erwaehnungen -> hype_data.json
2026-05-17 19:17:58 | abrakadabra.aggregator       | INFO    | Dashboard-JSON exportiert: 53 Ticker, 70 Erwaehnungen -> hype_data_max.json
2026-05-17 19:18:58 | abrakadabra.aggregator       | INFO    | Dashboard-JSON exportiert: 0 Ticker, 0 Erwaehnungen -> hype_data.json
2026-05-17 19:18:58 | abrakadabra.aggregator       | INFO    | Dashboard-JSON exportiert: 53 Ticker, 70 Erwaehnungen -> hype_data_max.json
2026-05-17 19:19:58 | abrakadabra.aggregator       | INFO    | Dashboard-JSON exportiert: 1 Ticker, 1 Erwaehnungen -> hype_data.json
2026-05-17 19:19:58 | abrakadabra.aggregator       | INFO    | Dashboard-JSON exportiert: 53 Ticker, 71 Erwaehnungen -> hype_data_max.json
2026-05-17 19:20:58 | abrakadabra.aggregator       | INFO    | Dashboard-JSON exportiert: 1 Ticker, 1 Erwaehnungen -> hype_data.json
2026-05-17 19:20:58 | abrakadabra.aggregator       | INFO    | Dashboard-JSON exportiert: 53 Ticker, 71 Erwaehnungen -> hype_data_max.json
2026-05-17 19:21:58 | abrakadabra.aggregator       | INFO    | Dashboard-JSON exportiert: 1 Ticker, 1 Erwaehnungen -> hype_data.json
2026-05-17 19:21:58 | abrakadabra.aggregator       | INFO    | Dashboard-JSON exportiert: 53 Ticker, 71 Erwaehnungen -> hype_data_max.json
2026-05-17 19:22:58 | abrakadabra.aggregator       | INFO    | Dashboard-JSON exportiert: 1 Ticker, 1 Erwaehnungen -> hype_data.json
2026-05-17 19:22:58 | abrakadabra.aggregator       | INFO    | Dashboard-JSON exportiert: 53 Ticker, 71 Erwaehnungen -> hype_data_max.json
2026-05-17 19:23:58 | abrakadabra.aggregator       | INFO    | Dashboard-JSON exportiert: 1 Ticker, 1 Erwaehnungen -> hype_data.json
2026-05-17 19:23:58 | abrakadabra.aggregator       | INFO    | Dashboard-JSON exportiert: 53 Ticker, 71 Erwaehnungen -> hype_data_max.json
2026-05-17 19:24:58 | abrakadabra.aggregator       | INFO    | Dashboard-JSON exportiert: 1 Ticker, 1 Erwaehnungen -> hype_data.json
2026-05-17 19:24:58 | abrakadabra.aggregator       | INFO    | Dashboard-JSON exportiert: 53 Ticker, 71 Erwaehnungen -> hype_data_max.json
